<?xml version="1.0" encoding="UTF-8"?>
<testsuite xmlns:xsi="http://www.w3.org/2001/XMLSchema-instance" xsi:noNamespaceSchemaLocation="https://maven.apache.org/surefire/maven-surefire-plugin/xsd/surefire-test-report-3.0.xsd" version="3.0" name="com.example.rent.it.ApplicationTests" time="16.66" tests="1" errors="0" skipped="0" failures="0">
  <properties>
[...]
</properties>
  <testcase name="contextLoads" classname="com.example.rent.it.ApplicationTests" time="0.314">
    <system-out><![CDATA[19:43:33.859 [main] INFO org.springframework.test.context.support.AnnotationConfigContextLoaderUtils -- Could not detect default configuration classes for test class [com.example.rent.it.ApplicationTests]: ApplicationTests does not declare any static, non-private, non-final, nested classes annotated with @Configuration.
19:43:34.089 [main] INFO org.springframework.boot.test.context.SpringBootTestContextBootstrapper -- Found @SpringBootConfiguration com.example.rent.it.Application for test class com.example.rent.it.ApplicationTests

  .   ____          _            __ _ _
 /\\ / ___'_ __ _ _(_)_ __  __ _ \ \ \ \
( ( )\___ | '_ | '_| | '_ \/ _` | \ \ \ \
 \\/  ___)| |_)| | | | | || (_| |  ) ) ) )
  '  |____| .__|_| |_|_| |_\__, | / / / /
 =========|_|==============|___/=/_/_/_/
 :: Spring Boot ::                (v3.1.0)

2023-12-07T19:43:36.113-03:00  INFO 24116 --- [           main] com.example.rent.it.ApplicationTests     : Starting ApplicationTests using Java 19.0.2 with PID 24116 (started by pefreitas in C:\Users\pefreitas\Desktop\Sptech\Projeto\Projeto-Java\rent.it)
2023-12-07T19:43:36.116-03:00  INFO 24116 --- [           main] com.example.rent.it.ApplicationTests     : No active profile set, falling back to 1 default profile: "default"
2023-12-07T19:43:38.179-03:00  INFO 24116 --- [           main] .s.d.r.c.RepositoryConfigurationDelegate : Bootstrapping Spring Data JPA repositories in DEFAULT mode.
2023-12-07T19:43:38.364-03:00  INFO 24116 --- [           main] .s.d.r.c.RepositoryConfigurationDelegate : Finished Spring Data repository scanning in 165 ms. Found 8 JPA repository interfaces.
2023-12-07T19:43:38.759-03:00  INFO 24116 --- [           main] o.s.cloud.context.scope.GenericScope     : BeanFactory id=47c7c262-acfb-3936-b8a9-a30ff78e6104
2023-12-07T19:43:39.294-03:00  INFO 24116 --- [           main] com.zaxxer.hikari.HikariDataSource       : HikariPool-1 - Starting...
2023-12-07T19:43:41.595-03:00  INFO 24116 --- [           main] com.zaxxer.hikari.pool.HikariPool        : HikariPool-1 - Added connection com.mysql.cj.jdbc.ConnectionImpl@42730828
2023-12-07T19:43:41.603-03:00  INFO 24116 --- [           main] com.zaxxer.hikari.HikariDataSource       : HikariPool-1 - Start completed.
2023-12-07T19:43:41.774-03:00  INFO 24116 --- [           main] o.hibernate.jpa.internal.util.LogHelper  : HHH000204: Processing PersistenceUnitInfo [name: default]
2023-12-07T19:43:41.921-03:00  INFO 24116 --- [           main] org.hibernate.Version                    : HHH000412: Hibernate ORM core version 6.2.2.Final
2023-12-07T19:43:41.926-03:00  INFO 24116 --- [           main] org.hibernate.cfg.Environment            : HHH000406: Using bytecode reflection optimizer
2023-12-07T19:43:42.326-03:00  INFO 24116 --- [           main] o.h.b.i.BytecodeProviderInitiator        : HHH000021: Bytecode provider name : bytebuddy
2023-12-07T19:43:42.593-03:00  INFO 24116 --- [           main] o.s.o.j.p.SpringPersistenceUnitInfo      : No LoadTimeWeaver setup: ignoring JPA class transformer
2023-12-07T19:43:43.299-03:00  INFO 24116 --- [           main] org.hibernate.orm.dialect                : HHH035001: Using dialect: org.hibernate.dialect.MySQLDialect, version: 8.2
2023-12-07T19:43:43.653-03:00  INFO 24116 --- [           main] o.h.b.i.BytecodeProviderInitiator        : HHH000021: Bytecode provider name : bytebuddy
2023-12-07T19:43:44.802-03:00  INFO 24116 --- [           main] o.h.e.t.j.p.i.JtaPlatformInitiator       : HHH000490: Using JtaPlatform implementation: [org.hibernate.engine.transaction.jta.platform.internal.NoJtaPlatform]
2023-12-07T19:43:44.806-03:00  INFO 24116 --- [           main] j.LocalContainerEntityManagerFactoryBean : Initialized JPA EntityManagerFactory for persistence unit 'default'
2023-12-07T19:43:45.486-03:00  INFO 24116 --- [           main] o.s.d.j.r.query.QueryEnhancerFactory     : Hibernate is in classpath; If applicable, HQL parser will be used.
2023-12-07T19:43:46.619-03:00  WARN 24116 --- [           main] JpaBaseConfiguration$JpaWebConfiguration : spring.jpa.open-in-view is enabled by default. Therefore, database queries may be performed during view rendering. Explicitly configure spring.jpa.open-in-view to disable this warning
2023-12-07T19:43:47.031-03:00  INFO 24116 --- [           main] o.s.s.web.DefaultSecurityFilterChain     : Will secure any request with [org.springframework.security.web.session.DisableEncodeUrlFilter@55154761, org.springframework.security.web.context.request.async.WebAsyncManagerIntegrationFilter@304e83a, org.springframework.security.web.context.SecurityContextHolderFilter@3b6d94fc, org.springframework.security.web.header.HeaderWriterFilter@480b785a, org.springframework.web.filter.CorsFilter@5e9db5e7, org.springframework.security.web.authentication.logout.LogoutFilter@4a89722e, com.example.rent.it.config.autenticacao.AutenticacaoFilter@4a28b6d0, org.springframework.security.web.savedrequest.RequestCacheAwareFilter@665fb1d8, org.springframework.security.web.servletapi.SecurityContextHolderAwareRequestFilter@142ac60e, org.springframework.security.web.authentication.AnonymousAuthenticationFilter@5fd8302e, org.springframework.security.web.session.SessionManagementFilter@3a7e13c0, org.springframework.security.web.access.ExceptionTranslationFilter@2e3fdf30, org.springframework.security.web.access.intercept.AuthorizationFilter@6b17aa0b]
2023-12-07T19:43:49.546-03:00  INFO 24116 --- [           main] o.s.cloud.commons.util.InetUtils         : Cannot determine local hostname
2023-12-07T19:43:49.619-03:00  INFO 24116 --- [           main] o.s.b.a.e.web.EndpointLinksResolver      : Exposing 1 endpoint(s) beneath base path '/actuator'
2023-12-07T19:43:49.788-03:00  INFO 24116 --- [           main] com.example.rent.it.ApplicationTests     : Started ApplicationTests in 15.447 seconds (process running for 17.078)
]]></system-out>
  </testcase>
</testsuite>